TN:
SF:src\App.jsx
FN:1,(empty-report)
FNF:1
FNH:0
FNDA:0,(empty-report)
DA:1,0
DA:2,0
DA:3,0
DA:4,0
DA:5,0
DA:6,0
DA:7,0
DA:8,0
DA:9,0
DA:10,0
DA:11,0
DA:12,0
DA:13,0
DA:14,0
DA:15,0
DA:16,0
DA:17,0
DA:18,0
DA:19,0
DA:20,0
DA:21,0
DA:22,0
DA:23,0
DA:24,0
DA:25,0
DA:26,0
DA:27,0
DA:28,0
DA:29,0
DA:30,0
DA:31,0
DA:32,0
DA:33,0
DA:34,0
DA:35,0
DA:36,0
DA:37,0
DA:38,0
DA:39,0
DA:40,0
DA:41,0
DA:42,0
DA:43,0
DA:44,0
DA:45,0
DA:46,0
DA:47,0
DA:48,0
DA:49,0
DA:50,0
DA:51,0
DA:52,0
DA:53,0
DA:54,0
DA:55,0
DA:56,0
DA:57,0
DA:58,0
DA:59,0
DA:60,0
DA:61,0
DA:62,0
DA:63,0
DA:64,0
DA:65,0
DA:66,0
DA:67,0
DA:68,0
DA:69,0
DA:70,0
DA:71,0
DA:72,0
DA:73,0
DA:74,0
DA:75,0
DA:76,0
DA:77,0
DA:78,0
DA:79,0
DA:80,0
DA:81,0
DA:82,0
DA:83,0
DA:84,0
DA:85,0
DA:86,0
DA:87,0
DA:88,0
DA:89,0
DA:90,0
DA:91,0
DA:92,0
DA:93,0
DA:94,0
DA:95,0
DA:96,0
DA:97,0
DA:98,0
DA:99,0
DA:100,0
DA:101,0
DA:102,0
DA:103,0
DA:104,0
DA:105,0
DA:106,0
DA:107,0
DA:108,0
DA:109,0
DA:110,0
DA:111,0
DA:112,0
DA:113,0
DA:114,0
DA:115,0
DA:116,0
DA:117,0
DA:118,0
DA:119,0
DA:120,0
DA:121,0
DA:122,0
DA:123,0
DA:124,0
DA:125,0
DA:126,0
DA:127,0
DA:128,0
DA:129,0
DA:130,0
DA:131,0
DA:132,0
DA:133,0
DA:134,0
DA:135,0
DA:136,0
DA:137,0
DA:138,0
DA:139,0
DA:140,0
DA:141,0
DA:142,0
DA:143,0
DA:144,0
DA:145,0
DA:146,0
DA:147,0
DA:148,0
DA:149,0
DA:150,0
DA:151,0
DA:152,0
DA:153,0
DA:154,0
DA:155,0
DA:156,0
DA:157,0
DA:158,0
DA:159,0
DA:160,0
DA:161,0
DA:162,0
DA:163,0
DA:164,0
DA:165,0
DA:166,0
DA:167,0
DA:168,0
DA:169,0
DA:170,0
DA:171,0
DA:172,0
DA:173,0
DA:174,0
DA:175,0
DA:176,0
DA:177,0
DA:178,0
DA:179,0
DA:180,0
DA:181,0
DA:182,0
DA:183,0
DA:184,0
DA:185,0
DA:186,0
DA:187,0
DA:188,0
DA:189,0
DA:190,0
DA:191,0
DA:192,0
DA:193,0
DA:194,0
DA:195,0
DA:196,0
DA:197,0
DA:198,0
DA:199,0
DA:200,0
DA:201,0
DA:202,0
DA:203,0
DA:204,0
LF:204
LH:0
BRDA:1,0,0,0
BRF:1
BRH:0
end_of_record
TN:
SF:src\components\ClearConfirmDialog.jsx
FN:3,ClearConfirmDialog
FN:12,onClick
FNF:2
FNH:2
FNDA:3,ClearConfirmDialog
FNDA:2,onClick
DA:1,1
DA:2,1
DA:3,3
DA:4,3
DA:5,3
DA:6,3
DA:7,3
DA:8,3
DA:9,3
DA:10,3
DA:11,3
DA:12,3
DA:13,3
DA:14,3
DA:15,3
DA:16,3
DA:17,3
DA:18,3
DA:19,3
DA:20,3
DA:21,3
DA:22,3
DA:23,3
DA:24,3
DA:25,3
DA:26,3
DA:27,3
DA:28,3
DA:29,3
DA:30,3
DA:31,3
DA:32,3
DA:33,3
DA:34,3
DA:35,3
LF:35
LH:35
BRDA:3,0,0,3
BRDA:12,1,0,2
BRF:2
BRH:2
end_of_record
TN:
SF:src\components\FilterPanel.jsx
FN:12,FilterPanel
FN:70,onChange
FN:90,onChange
FN:111,onChange
FNF:4
FNH:2
FNDA:8,FilterPanel
FNDA:1,onChange
FNDA:0,onChange
FNDA:0,onChange
DA:1,1
DA:2,1
DA:3,1
DA:4,1
DA:5,1
DA:6,1
DA:7,1
DA:8,1
DA:9,1
DA:10,1
DA:11,1
DA:12,8
DA:13,8
DA:14,8
DA:15,8
DA:16,8
DA:17,8
DA:18,8
DA:19,8
DA:20,8
DA:21,8
DA:22,8
DA:23,8
DA:24,8
DA:25,8
DA:26,8
DA:27,8
DA:28,8
DA:29,8
DA:30,8
DA:31,8
DA:32,8
DA:33,8
DA:34,8
DA:35,8
DA:36,8
DA:37,8
DA:38,8
DA:39,8
DA:40,8
DA:41,8
DA:42,8
DA:43,8
DA:44,8
DA:45,8
DA:46,8
DA:47,8
DA:48,8
DA:49,8
DA:50,8
DA:51,8
DA:52,8
DA:53,8
DA:54,8
DA:55,8
DA:56,8
DA:57,8
DA:58,8
DA:59,8
DA:60,8
DA:61,8
DA:62,8
DA:63,8
DA:64,8
DA:65,8
DA:66,56
DA:67,56
DA:68,56
DA:69,56
DA:70,56
DA:71,56
DA:72,56
DA:73,56
DA:74,56
DA:75,8
DA:76,8
DA:77,8
DA:78,8
DA:79,8
DA:80,8
DA:81,8
DA:82,8
DA:83,8
DA:84,8
DA:85,8
DA:86,24
DA:87,24
DA:88,24
DA:89,24
DA:90,24
DA:91,24
DA:92,24
DA:93,24
DA:94,24
DA:95,8
DA:96,8
DA:97,8
DA:98,8
DA:99,8
DA:100,8
DA:101,8
DA:102,8
DA:103,8
DA:104,8
DA:105,8
DA:106,24
DA:107,24
DA:108,24
DA:109,24
DA:110,24
DA:111,24
DA:112,24
DA:113,24
DA:114,24
DA:115,24
DA:116,24
DA:117,24
DA:118,48
DA:119,24
DA:120,24
DA:121,24
DA:122,8
DA:123,8
DA:124,8
DA:125,8
DA:126,8
DA:127,8
DA:128,8
DA:129,8
DA:130,8
DA:131,8
DA:132,8
DA:133,8
DA:134,8
DA:135,8
DA:136,8
DA:137,8
DA:138,8
DA:139,8
DA:140,8
DA:141,8
DA:142,8
DA:143,8
DA:144,8
DA:145,8
DA:146,8
DA:147,8
DA:148,8
DA:149,8
DA:150,8
DA:151,8
DA:152,8
DA:153,8
DA:154,8
DA:155,8
LF:155
LH:155
BRDA:12,0,0,8
BRDA:39,1,0,0
BRDA:65,2,0,56
BRDA:70,3,0,1
BRDA:85,4,0,24
BRDA:105,5,0,24
BRDA:117,6,0,48
BRF:7
BRH:6
end_of_record
TN:
SF:src\components\IngredientSelectorModal.jsx
FN:7,IngredientSelectorModal
FNF:1
FNH:0
FNDA:0,IngredientSelectorModal
DA:1,1
DA:2,1
DA:3,1
DA:4,1
DA:5,1
DA:6,1
DA:7,0
DA:8,0
DA:9,0
DA:10,0
DA:11,0
DA:12,0
DA:13,0
DA:14,0
DA:15,0
DA:16,0
DA:17,0
DA:18,0
DA:19,0
DA:20,0
DA:21,0
DA:22,0
DA:23,0
DA:24,0
DA:25,0
DA:26,0
DA:27,0
DA:28,0
DA:29,0
DA:30,0
DA:31,0
DA:32,0
DA:33,0
DA:34,0
DA:35,0
DA:36,0
DA:37,0
DA:38,0
DA:39,0
DA:40,0
DA:41,0
DA:42,0
DA:43,0
DA:44,0
DA:45,0
DA:46,0
DA:47,0
DA:48,0
DA:49,0
DA:50,0
DA:51,0
DA:52,0
DA:53,0
DA:54,0
DA:55,0
DA:56,0
DA:57,0
DA:58,0
DA:59,0
DA:60,0
DA:61,0
DA:62,0
DA:63,0
DA:64,0
DA:65,0
DA:66,0
DA:67,0
DA:68,0
DA:69,0
DA:70,0
DA:71,0
DA:72,0
DA:73,0
DA:74,0
DA:75,0
DA:76,0
DA:77,0
DA:78,0
DA:79,0
DA:80,0
DA:81,0
DA:82,0
DA:83,0
DA:84,0
DA:85,0
DA:86,0
DA:87,0
DA:88,0
DA:89,0
DA:90,0
DA:91,0
DA:92,0
DA:93,0
DA:94,0
DA:95,0
DA:96,0
DA:97,0
DA:98,0
DA:99,0
DA:100,0
DA:101,0
DA:102,0
DA:103,0
DA:104,0
DA:105,0
DA:106,0
LF:106
LH:6
BRF:0
BRH:0
end_of_record
TN:
SF:src\components\Notification.jsx
FN:4,Notification
FNF:1
FNH:1
FNDA:3,Notification
DA:1,1
DA:2,1
DA:3,1
DA:4,3
DA:5,3
DA:6,3
DA:7,2
DA:8,2
DA:9,3
DA:10,3
DA:11,3
DA:12,2
DA:13,2
DA:14,2
DA:15,2
DA:16,2
DA:17,2
DA:18,2
DA:19,2
DA:20,2
DA:21,2
DA:22,2
DA:23,2
DA:24,2
LF:24
LH:24
BRDA:4,0,0,3
BRDA:11,1,0,1
BRDA:11,2,0,2
BRDA:5,3,0,3
BRDA:6,4,0,1
BRDA:6,5,0,2
BRDA:8,6,0,2
BRF:7
BRH:7
end_of_record
TN:
SF:src\components\RecipeCard.jsx
FN:6,DifficultyBadge
FN:16,MatchBar
FN:33,RecipeCard
FN:41,onClick
FN:43,onMouseEnter
FN:44,onMouseLeave
FN:58,onClick
FNF:7
FNH:4
FNDA:101,DifficultyBadge
FNDA:24,MatchBar
FNDA:101,RecipeCard
FNDA:0,onClick
FNDA:0,onMouseEnter
FNDA:0,onMouseLeave
FNDA:1,onClick
DA:1,1
DA:2,1
DA:3,1
DA:4,1
DA:5,1
DA:6,101
DA:7,101
DA:8,101
DA:9,101
DA:10,180
DA:11,101
DA:12,101
DA:13,101
DA:14,101
DA:15,1
DA:16,24
DA:17,24
DA:18,24
DA:19,24
DA:20,24
DA:21,24
DA:22,24
DA:23,24
DA:24,24
DA:25,24
DA:26,24
DA:27,24
DA:28,24
DA:29,24
DA:30,24
DA:31,24
DA:32,1
DA:33,101
DA:34,101
DA:35,101
DA:36,101
DA:37,101
DA:38,101
DA:39,101
DA:40,101
DA:41,101
DA:42,101
DA:43,101
DA:44,101
DA:45,101
DA:46,101
DA:47,101
DA:48,101
DA:49,101
DA:50,101
DA:51,101
DA:52,101
DA:53,101
DA:54,101
DA:55,101
DA:56,101
DA:57,101
DA:58,101
DA:59,1
DA:60,1
DA:61,1
DA:62,101
DA:63,101
DA:64,101
DA:65,101
DA:66,101
DA:67,101
DA:68,101
DA:69,101
DA:70,101
DA:71,101
DA:72,101
DA:73,101
DA:74,101
DA:75,101
DA:76,101
DA:77,101
DA:78,101
DA:79,101
DA:80,101
DA:81,101
DA:82,101
DA:83,101
DA:84,101
DA:85,101
DA:86,101
DA:87,101
DA:88,101
DA:89,101
DA:90,101
DA:91,101
LF:91
LH:91
BRDA:6,0,0,101
BRDA:9,1,0,180
BRDA:16,2,0,24
BRDA:17,3,0,0
BRDA:17,4,0,0
BRDA:22,5,0,0
BRDA:22,6,0,0
BRDA:33,7,0,101
BRDA:63,8,0,1
BRDA:63,9,0,100
BRDA:67,10,0,1
BRDA:67,11,0,100
BRDA:68,12,0,1
BRDA:68,13,0,100
BRDA:87,14,0,24
BRDA:58,15,0,1
BRF:16
BRH:12
end_of_record
TN:
SF:src\components\SlidingMenu.jsx
FN:11,SlidingMenu
FN:14,handleNav
FN:59,onClick
FNF:3
FNH:1
FNDA:5,SlidingMenu
FNDA:0,handleNav
FNDA:0,onClick
DA:1,1
DA:2,1
DA:3,1
DA:4,1
DA:5,1
DA:6,1
DA:7,1
DA:8,1
DA:9,1
DA:10,1
DA:11,5
DA:12,5
DA:13,5
DA:14,5
DA:15,0
DA:16,0
DA:17,0
DA:18,5
DA:19,5
DA:20,5
DA:21,5
DA:22,5
DA:23,4
DA:24,4
DA:25,4
DA:26,4
DA:27,4
DA:28,4
DA:29,5
DA:30,5
DA:31,5
DA:32,5
DA:33,5
DA:34,5
DA:35,5
DA:36,5
DA:37,5
DA:38,5
DA:39,5
DA:40,5
DA:41,5
DA:42,5
DA:43,5
DA:44,5
DA:45,5
DA:46,5
DA:47,5
DA:48,5
DA:49,5
DA:50,5
DA:51,5
DA:52,5
DA:53,5
DA:54,5
DA:55,5
DA:56,5
DA:57,15
DA:58,15
DA:59,15
DA:60,15
DA:61,15
DA:62,15
DA:63,15
DA:64,15
DA:65,15
DA:66,5
DA:67,5
DA:68,5
DA:69,5
DA:70,5
DA:71,5
LF:71
LH:68
BRDA:11,0,0,5
BRDA:22,1,0,4
BRDA:35,2,0,4
BRDA:35,3,0,1
BRDA:56,4,0,15
BRF:5
BRH:5
end_of_record
TN:
SF:src\components\StickyHeader.jsx
FN:5,StickyHeader
FN:12,onClick
FNF:2
FNH:1
FNDA:4,StickyHeader
FNDA:0,onClick
DA:1,1
DA:2,1
DA:3,1
DA:4,1
DA:5,4
DA:6,4
DA:7,4
DA:8,4
DA:9,4
DA:10,4
DA:11,4
DA:12,4
DA:13,4
DA:14,4
DA:15,4
DA:16,4
DA:17,4
DA:18,4
DA:19,4
DA:20,4
DA:21,4
DA:22,4
DA:23,4
DA:24,4
DA:25,4
DA:26,4
DA:27,4
DA:28,4
DA:29,4
DA:30,1
DA:31,1
DA:32,1
DA:33,4
DA:34,4
DA:35,4
DA:36,4
DA:37,4
DA:38,4
DA:39,4
DA:40,4
DA:41,4
DA:42,4
DA:43,4
DA:44,4
DA:45,4
DA:46,4
DA:47,4
LF:47
LH:47
BRDA:5,0,0,4
BRDA:29,1,0,1
BRF:2
BRH:2
end_of_record
TN:
SF:src\pages\CookingLogPage.jsx
FN:5,CookingLogPage
FN:25,onClick
FN:28,onMouseEnter
FN:29,onMouseLeave
FNF:4
FNH:1
FNDA:2,CookingLogPage
FNDA:0,onClick
FNDA:0,onMouseEnter
FNDA:0,onMouseLeave
DA:1,1
DA:2,1
DA:3,1
DA:4,1
DA:5,2
DA:6,2
DA:7,2
DA:8,2
DA:9,2
DA:10,2
DA:11,2
DA:12,2
DA:13,1
DA:14,1
DA:15,1
DA:16,1
DA:17,1
DA:18,1
DA:19,1
DA:20,1
DA:21,1
DA:22,1
DA:23,2
DA:24,2
DA:25,2
DA:26,2
DA:27,2
DA:28,2
DA:29,2
DA:30,2
DA:31,2
DA:32,2
DA:33,2
DA:34,2
DA:35,2
DA:36,2
DA:37,2
DA:38,2
DA:39,2
DA:40,2
DA:41,2
DA:42,2
DA:43,1
DA:44,1
DA:45,2
DA:46,2
DA:47,2
DA:48,2
LF:48
LH:48
BRDA:5,0,0,2
BRDA:12,1,0,1
BRDA:19,2,0,1
BRDA:22,3,0,2
BRF:4
BRH:4
end_of_record
TN:
SF:src\pages\HomePage.jsx
FN:7,HomePage
FN:72,onClick
FNF:2
FNH:1
FNDA:8,HomePage
FNDA:0,onClick
DA:1,1
DA:2,1
DA:3,1
DA:4,1
DA:5,1
DA:6,1
DA:7,8
DA:8,8
DA:9,8
DA:10,8
DA:11,8
DA:12,8
DA:13,8
DA:14,8
DA:15,8
DA:16,8
DA:17,8
DA:18,8
DA:19,8
DA:20,8
DA:21,8
DA:22,8
DA:23,8
DA:24,8
DA:25,8
DA:26,8
DA:27,8
DA:28,8
DA:29,5
DA:30,5
DA:31,4
DA:32,8
DA:33,8
DA:34,8
DA:35,8
DA:36,8
DA:37,5
DA:38,5
DA:39,4
DA:40,4
DA:41,4
DA:42,5
DA:43,5
DA:44,1
DA:45,1
DA:46,1
DA:47,5
DA:48,5
DA:49,1
DA:50,1
DA:51,1
DA:52,1
DA:53,1
DA:54,1
DA:55,5
DA:56,5
DA:57,1
DA:58,1
DA:59,1
DA:60,5
DA:61,5
DA:62,8
DA:63,8
DA:64,8
DA:65,8
DA:66,1
DA:67,1
DA:68,1
DA:69,1
DA:70,1
DA:71,1
DA:72,1
DA:73,1
DA:74,1
DA:75,1
DA:76,1
DA:77,1
DA:78,8
DA:79,8
DA:80,8
DA:81,8
DA:82,2
DA:83,2
DA:84,2
DA:85,2
DA:86,2
DA:87,6
DA:88,6
DA:89,6
DA:90,6
DA:91,6
DA:92,6
DA:93,6
DA:94,0
DA:95,6
DA:96,6
DA:97,6
DA:98,95
DA:99,95
DA:100,95
DA:101,95
DA:102,95
DA:103,95
DA:104,95
DA:105,6
DA:106,6
DA:107,8
DA:108,8
DA:109,8
DA:110,8
LF:110
LH:109
BRDA:7,0,0,8
BRDA:28,1,0,5
BRDA:29,2,0,5
BRDA:30,3,0,4
BRDA:36,4,0,5
BRDA:56,5,0,1
BRDA:65,6,0,1
BRDA:69,7,0,0
BRDA:81,8,0,2
BRDA:86,9,0,6
BRDA:93,10,0,0
BRDA:38,11,0,4
BRDA:43,12,0,1
BRDA:48,13,0,1
BRDA:97,14,0,95
BRF:15
BRH:13
end_of_record
TN:
SF:src\pages\InventoryPage.jsx
FN:7,InventoryPage
FN:41,handleAddSuggestion
FN:46,handleModalAdd
FN:51,handleMoveToInventory
FN:56,handleRemoveFromList
FN:61,handleRemoveFromInventory
FN:66,handleAddAllToPantry
FN:71,handleClearConfirm
FN:89,onClick
FN:92,onMouseEnter
FN:93,onMouseLeave
FN:127,onClick
FN:130,onMouseEnter
FN:131,onMouseLeave
FN:162,onClick
FN:188,onClick
FN:195,onClick
FN:208,onClick
FN:223,onClose
FN:229,onCancel
FNF:20
FNH:4
FNDA:9,InventoryPage
FNDA:0,handleAddSuggestion
FNDA:0,handleModalAdd
FNDA:0,handleMoveToInventory
FNDA:0,handleRemoveFromList
FNDA:1,handleRemoveFromInventory
FNDA:1,handleAddAllToPantry
FNDA:0,handleClearConfirm
FNDA:0,onClick
FNDA:0,onMouseEnter
FNDA:0,onMouseLeave
FNDA:1,onClick
FNDA:0,onMouseEnter
FNDA:0,onMouseLeave
FNDA:0,onClick
FNDA:0,onClick
FNDA:0,onClick
FNDA:0,onClick
FNDA:0,onClose
FNDA:0,onCancel
DA:1,1
DA:2,1
DA:3,1
DA:4,1
DA:5,1
DA:6,1
DA:7,9
DA:8,9
DA:9,9
DA:10,9
DA:11,9
DA:12,9
DA:13,9
DA:14,9
DA:15,9
DA:16,9
DA:17,9
DA:18,9
DA:19,9
DA:20,9
DA:21,9
DA:22,9
DA:23,9
DA:24,9
DA:25,9
DA:26,9
DA:27,9
DA:28,9
DA:29,9
DA:30,9
DA:31,9
DA:32,9
DA:33,9
DA:34,9
DA:35,9
DA:36,9
DA:37,9
DA:38,9
DA:39,9
DA:40,9
DA:41,9
DA:42,0
DA:43,0
DA:44,0
DA:45,9
DA:46,9
DA:47,0
DA:48,0
DA:49,0
DA:50,9
DA:51,9
DA:52,0
DA:53,0
DA:54,0
DA:55,9
DA:56,9
DA:57,0
DA:58,0
DA:59,0
DA:60,9
DA:61,9
DA:62,1
DA:63,1
DA:64,1
DA:65,9
DA:66,9
DA:67,1
DA:68,1
DA:69,1
DA:70,9
DA:71,9
DA:72,0
DA:73,0
DA:74,0
DA:75,0
DA:76,9
DA:77,9
DA:78,9
DA:79,9
DA:80,9
DA:81,9
DA:82,9
DA:83,9
DA:84,9
DA:85,9
DA:86,9
DA:87,54
DA:88,54
DA:89,54
DA:90,54
DA:91,54
DA:92,54
DA:93,54
DA:94,54
DA:95,54
DA:96,54
DA:97,54
DA:98,54
DA:99,54
DA:100,54
DA:101,54
DA:102,54
DA:103,9
DA:104,9
DA:105,9
DA:106,9
DA:107,9
DA:108,9
DA:109,9
DA:110,9
DA:111,9
DA:112,9
DA:113,2
DA:114,9
DA:115,9
DA:116,9
DA:117,7
DA:118,7
DA:119,7
DA:120,7
DA:121,7
DA:122,2
DA:123,2
DA:124,2
DA:125,3
DA:126,3
DA:127,3
DA:128,3
DA:129,3
DA:130,3
DA:131,3
DA:132,3
DA:133,3
DA:134,3
DA:135,3
DA:136,2
DA:137,2
DA:138,9
DA:139,9
DA:140,9
DA:141,9
DA:142,9
DA:143,9
DA:144,9
DA:145,9
DA:146,3
DA:147,9
DA:148,9
DA:149,9
DA:150,9
DA:151,9
DA:152,3
DA:153,3
DA:154,3
DA:155,3
DA:156,3
DA:157,3
DA:158,9
DA:159,9
DA:160,9
DA:161,9
DA:162,9
DA:163,9
DA:164,9
DA:165,9
DA:166,9
DA:167,9
DA:168,9
DA:169,9
DA:170,6
DA:171,6
DA:172,6
DA:173,6
DA:174,6
DA:175,6
DA:176,6
DA:177,3
DA:178,3
DA:179,3
DA:180,3
DA:181,5
DA:182,5
DA:183,5
DA:184,5
DA:185,5
DA:186,5
DA:187,5
DA:188,5
DA:189,5
DA:190,5
DA:191,5
DA:192,5
DA:193,5
DA:194,5
DA:195,5
DA:196,5
DA:197,5
DA:198,5
DA:199,5
DA:200,5
DA:201,5
DA:202,5
DA:203,3
DA:204,3
DA:205,3
DA:206,3
DA:207,3
DA:208,3
DA:209,3
DA:210,3
DA:211,3
DA:212,3
DA:213,3
DA:214,3
DA:215,9
DA:216,9
DA:217,9
DA:218,9
DA:219,9
DA:220,0
DA:221,0
DA:222,0
DA:223,0
DA:224,0
DA:225,9
DA:226,9
DA:227,0
DA:228,0
DA:229,0
DA:230,0
DA:231,9
DA:232,9
DA:233,9
DA:234,9
LF:234
LH:209
BRDA:7,0,0,9
BRDA:112,1,0,2
BRDA:116,2,0,7
BRDA:121,3,0,2
BRDA:145,4,0,3
BRDA:151,5,0,3
BRDA:169,6,0,6
BRDA:176,7,0,3
BRDA:219,8,0,0
BRDA:226,9,0,0
BRDA:61,10,0,1
BRDA:66,11,0,1
BRDA:86,12,0,54
BRDA:124,13,0,3
BRDA:127,14,0,1
BRDA:180,15,0,5
BRF:16
BRH:14
end_of_record
TN:
SF:src\pages\RecipeDetailPage.jsx
FN:7,IngredientRow
FN:15,onClick
FN:43,RecipeDetailPage
FN:61,onClick
FN:78,handleAddAllToList
FN:84,handleAddSingle
FN:89,handleMarkCooked
FN:98,onClick
FN:113,onClick
FNF:9
FNH:4
FNDA:70,IngredientRow
FNDA:0,onClick
FNDA:11,RecipeDetailPage
FNDA:0,onClick
FNDA:1,handleAddAllToList
FNDA:0,handleAddSingle
FNDA:1,handleMarkCooked
FNDA:0,onClick
FNDA:0,onClick
DA:1,1
DA:2,1
DA:3,1
DA:4,1
DA:5,1
DA:6,1
DA:7,70
DA:8,70
DA:9,70
DA:10,70
DA:11,70
DA:12,70
DA:13,70
DA:14,70
DA:15,70
DA:16,70
DA:17,70
DA:18,70
DA:19,70
DA:20,70
DA:21,70
DA:22,70
DA:23,3
DA:24,3
DA:25,3
DA:26,70
DA:27,1
DA:28,1
DA:29,1
DA:30,1
DA:31,70
DA:32,70
DA:33,70
DA:34,70
DA:35,70
DA:36,70
DA:37,70
DA:38,70
DA:39,70
DA:40,70
DA:41,70
DA:42,1
DA:43,11
DA:44,11
DA:45,11
DA:46,11
DA:47,11
DA:48,11
DA:49,11
DA:50,11
DA:51,11
DA:52,11
DA:53,11
DA:54,11
DA:55,11
DA:56,11
DA:57,11
DA:58,1
DA:59,1
DA:60,1
DA:61,1
DA:62,1
DA:63,1
DA:64,1
DA:65,1
DA:66,1
DA:67,10
DA:68,10
DA:69,10
DA:70,10
DA:71,10
DA:72,10
DA:73,10
DA:74,10
DA:75,10
DA:76,10
DA:77,10
DA:78,10
DA:79,1
DA:80,1
DA:81,1
DA:82,1
DA:83,10
DA:84,10
DA:85,0
DA:86,0
DA:87,0
DA:88,10
DA:89,10
DA:90,1
DA:91,1
DA:92,1
DA:93,10
DA:94,10
DA:95,10
DA:96,10
DA:97,10
DA:98,10
DA:99,10
DA:100,10
DA:101,10
DA:102,10
DA:103,10
DA:104,10
DA:105,10
DA:106,10
DA:107,10
DA:108,10
DA:109,10
DA:110,10
DA:111,10
DA:112,10
DA:113,10
DA:114,10
DA:115,11
DA:116,11
DA:117,11
DA:118,11
DA:119,11
DA:120,11
DA:121,11
DA:122,11
DA:123,11
DA:124,11
DA:125,11
DA:126,11
DA:127,11
DA:128,11
DA:129,11
DA:130,11
DA:131,11
DA:132,11
DA:133,11
DA:134,11
DA:135,11
DA:136,11
DA:137,11
DA:138,11
DA:139,11
DA:140,11
DA:141,11
DA:142,11
DA:143,11
DA:144,11
DA:145,11
DA:146,11
DA:147,11
DA:148,2
DA:149,2
DA:150,2
DA:151,2
DA:152,2
DA:153,2
DA:154,2
DA:155,2
DA:156,2
DA:157,2
DA:158,2
DA:159,2
DA:160,2
DA:161,2
DA:162,2
DA:163,2
DA:164,2
DA:165,2
DA:166,2
DA:167,2
DA:168,11
DA:169,11
DA:170,11
DA:171,11
DA:172,11
DA:173,11
DA:174,11
DA:175,10
DA:176,10
DA:177,10
DA:178,10
DA:179,10
DA:180,10
DA:181,11
DA:182,11
DA:183,11
DA:184,11
DA:185,70
DA:186,70
DA:187,70
DA:188,70
DA:189,70
DA:190,70
DA:191,70
DA:192,11
DA:193,11
DA:194,11
DA:195,11
DA:196,11
DA:197,11
DA:198,11
DA:199,11
DA:200,11
DA:201,70
DA:202,70
DA:203,70
DA:204,70
DA:205,70
DA:206,70
DA:207,11
DA:208,11
DA:209,11
DA:210,11
DA:211,11
DA:212,11
DA:213,11
DA:214,11
DA:215,11
DA:216,0
DA:217,10
DA:218,11
DA:219,11
DA:220,11
DA:221,11
DA:222,11
DA:223,11
DA:224,11
LF:224
LH:220
BRDA:7,0,0,70
BRDA:22,1,0,3
BRDA:26,2,0,67
BRDA:26,3,0,1
BRDA:43,4,0,11
BRDA:57,5,0,1
BRDA:66,6,0,10
BRDA:115,7,0,0
BRDA:115,8,0,10
BRDA:119,9,0,0
BRDA:119,10,0,10
BRDA:120,11,0,0
BRDA:120,12,0,10
BRDA:147,13,0,2
BRDA:153,14,0,0
BRDA:153,15,0,0
BRDA:162,16,0,0
BRDA:162,17,0,0
BRDA:174,18,0,10
BRDA:215,19,0,0
BRDA:216,20,0,10
BRDA:220,21,0,0
BRDA:220,22,0,10
BRDA:55,23,0,33
BRDA:75,24,0,70
BRDA:75,25,0,67
BRDA:78,26,0,1
BRDA:79,27,0,0
BRDA:89,28,0,1
BRDA:184,29,0,70
BRDA:200,30,0,70
BRF:31
BRH:21
end_of_record
TN:
SF:src\utils\recipeUtils.js
FN:7,calculateMatch
FN:17,getFilteredRecipes
FN:57,getSuggestedIngredients
FNF:3
FNH:3
FNDA:3884,calculateMatch
FNDA:24,getFilteredRecipes
FNDA:13,getSuggestedIngredients
DA:1,1
DA:2,1
DA:3,1
DA:4,1
DA:5,1
DA:6,1
DA:7,1
DA:8,3884
DA:9,3798
DA:10,3798
DA:11,3798
DA:12,1
DA:13,1
DA:14,1
DA:15,1
DA:16,1
DA:17,1
DA:18,24
DA:19,24
DA:20,24
DA:21,24
DA:22,24
DA:23,24
DA:24,24
DA:25,24
DA:26,24
DA:27,24
DA:28,2
DA:29,2
DA:30,24
DA:31,5
DA:32,5
DA:33,24
DA:34,3
DA:35,34
DA:36,3
DA:37,3
DA:38,24
DA:39,2
DA:40,2
DA:41,24
DA:42,24
DA:43,4
DA:44,4
DA:45,4
DA:46,4
DA:47,24
DA:48,24
DA:49,24
DA:50,1
DA:51,1
DA:52,1
DA:53,1
DA:54,1
DA:55,1
DA:56,1
DA:57,1
DA:58,13
DA:59,13
DA:60,13
DA:61,13
DA:62,13
DA:63,13
DA:64,13
DA:65,13
DA:66,13
DA:67,13
DA:68,13
DA:69,1222
DA:70,1222
DA:71,1210
DA:72,1210
DA:73,1210
DA:74,1210
DA:75,1210
DA:76,1210
DA:77,1210
DA:78,1210
DA:79,27830
DA:80,3181
DA:81,3181
DA:82,3181
DA:83,3181
DA:84,1210
DA:85,1210
DA:86,1210
DA:87,1210
DA:88,13
DA:89,13
DA:90,13
DA:91,13
DA:92,13
LF:92
LH:92
BRDA:7,0,0,3884
BRDA:8,1,0,86
BRDA:8,2,0,3798
BRDA:9,3,0,43596
BRDA:17,4,0,24
BRDA:27,5,0,2
BRDA:30,6,0,5
BRDA:33,7,0,3
BRDA:38,8,0,2
BRDA:42,9,0,4
BRDA:28,10,0,46
BRDA:31,11,0,115
BRDA:34,12,0,34
BRDA:35,13,0,34
BRDA:39,14,0,46
BRDA:44,15,0,294
BRDA:57,16,0,13
BRDA:64,17,0,299
BRDA:64,18,0,3328
BRDA:68,19,0,1222
BRDA:70,20,0,1217
BRDA:70,21,0,12
BRDA:70,22,0,1210
BRDA:78,23,0,27830
BRDA:79,24,0,3181
BRDA:82,25,0,0
BRDA:90,26,0,5482
BRF:27
BRH:26
end_of_record
